This is pdfTeX, Version 3.14159265-2.6-1.40.19 (TeX Live 2018) (preloaded format=pdflatex 2019.1.1)  5 MAR 2019 23:51
entering extended mode
 restricted \write18 enabled.
 %&-line parsing enabled.
**converpage.tex
(./converpage.tex
LaTeX2e <2018-04-01> patch level 2
Babel <3.18> and hyphenation patterns for 84 language(s) loaded.

! LaTeX Error: Environment titlepage undefined.

See the LaTeX manual or LaTeX Companion for explanation.
Type  H <return>  for immediate help.
 ...                                              
                                                  
l.1 \begin{titlepage}
                     
Your command was ignored.
Type  I <command> <return>  to replace it with another command,
or  <return>  to continue without it.


! LaTeX Error: Missing \begin{document}.

See the LaTeX manual or LaTeX Companion for explanation.
Type  H <return>  for immediate help.
 ...                                              
                                                  
l.2 \begin{center}
                  
You're in trouble here.  Try typing  <return>  to proceed.
If that doesn't work, type  X <return>  to quit.


Overfull \hbox (20.0pt too wide) in paragraph at lines 2--2
[] 
 []


! LaTeX Error: Command \DJ unavailable in encoding OT1.

See the LaTeX manual or LaTeX Companion for explanation.
Type  H <return>  for immediate help.
 ...                                              
                                                  
l.3 \textbf{ƒê·∫†I H·ªåC THƒÇNG LONG}
                                     \\
Your command was ignored.
Type  I <command> <return>  to replace it with another command,
or  <return>  to continue without it.


! Package inputenc Error: Unicode character ·∫† (U+1EA0)
(inputenc)                not set up for use with LaTeX.

See the inputenc package documentation for explanation.
Type  H <return>  for immediate help.
 ...                                              
                                                  
l.3 \textbf{ƒê·∫†I H·ªåC THƒÇNG LONG}
                                     \\
You may provide a definition with
\DeclareUnicodeCharacter 


! Package inputenc Error: Unicode character ·ªå (U+1ECC)
(inputenc)                not set up for use with LaTeX.

See the inputenc package documentation for explanation.
Type  H <return>  for immediate help.
 ...                                              
                                                  
l.3 \textbf{ƒê·∫†I H·ªåC THƒÇNG LONG}
                                     \\
You may provide a definition with
\DeclareUnicodeCharacter 


Overfull \hbox (4.36108pt too wide) in paragraph at lines 3--3
 \OT1/cmr/bx/n/10 I 
 []


Overfull \hbox (17.30547pt too wide) in paragraph at lines 3--3
 \OT1/cmr/bx/n/10 HC 
 []


Overfull \hbox (43.73587pt too wide) in paragraph at lines 3--3
 \OT1/cmr/bx/n/10 TH[]ANG 
 []


Overfull \hbox (33.59703pt too wide) in paragraph at lines 3--3
 \OT1/cmr/bx/n/10 LONG 
 []

Missing character: There is no K in font nullfont!
Missing character: There is no H in font nullfont!
Missing character: There is no O in font nullfont!
Missing character: There is no A in font nullfont!
Missing character: There is no H in font nullfont!

! Package inputenc Error: Unicode character ·ªå (U+1ECC)
(inputenc)                not set up for use with LaTeX.

See the inputenc package documentation for explanation.
Type  H <return>  for immediate help.
 ...                                              
                                                  
l.4 {KHOA H·ªå
              C M√ÅY T√çNH}
You may provide a definition with
\DeclareUnicodeCharacter 

Missing character: There is no C in font nullfont!
Missing character: There is no M in font nullfont!
LaTeX Font Info:    Try loading font information for +cmr on input line 4.
LaTeX Font Info:    No file cmr.fd. on input line 4.

LaTeX Font Warning: Font shape `/cmr/m/n' undefined
(Font)              using `/cmr/m/n' instead on input line 4.

! Corrupted NFSS tables.
wrong@fontshape ...message {Corrupted NFSS tables}
                                                  error@fontshape else let f...
l.4 {KHOA H·ªåC M√Å
                   Y T√çNH}
This error message was generated by an \errmessage
command, so I can't give any explicit help.
Pretend that you're Hercule Poirot: Examine all clues,
and deduce the truth by order and method.


LaTeX Font Warning: Font shape `/cmr/m/n' undefined
(Font)              using `OT1/cmr/m/n' instead on input line 4.

Missing character: There is no Y in font nullfont!
Missing character: There is no T in font nullfont!
Missing character: There is no N in font nullfont!
Missing character: There is no H in font nullfont!

Overfull \hbox (12.50003pt too wide) in paragraph at lines 4--5
 \/cmr/m/n/10 ^^SA 
 []


Overfull \hbox (3.61111pt too wide) in paragraph at lines 4--5
 []\/cmr/m/n/10 I 
 []


! LaTeX Error: Environment figure undefined.

See the LaTeX manual or LaTeX Companion for explanation.
Type  H <return>  for immediate help.
 ...                                              
                                                  
l.8 \begin{figure}
                  [htp]
Your command was ignored.
Type  I <command> <return>  to replace it with another command,
or  <return>  to continue without it.

Missing character: There is no [ in font nullfont!
Missing character: There is no h in font nullfont!
Missing character: There is no t in font nullfont!
Missing character: There is no p in font nullfont!
Missing character: There is no ] in font nullfont!
! Undefined control sequence.
l.10 	\includegraphics
                      [scale=1]{coverpage/image/Logo_ThangLong}
The control sequence at the end of the top line
of your error message was never \def'ed. If you have
misspelled it (e.g., `\hobx'), type `I' and the correct
spelling (e.g., `I\hbox'). Otherwise just continue,
and I'll forget about whatever was undefined.

Missing character: There is no [ in font nullfont!
Missing character: There is no s in font nullfont!
Missing character: There is no c in font nullfont!
Missing character: There is no a in font nullfont!
Missing character: There is no l in font nullfont!
Missing character: There is no e in font nullfont!
Missing character: There is no = in font nullfont!
Missing character: There is no 1 in font nullfont!
Missing character: There is no ] in font nullfont!
Missing character: There is no c in font nullfont!
Missing character: There is no o in font nullfont!
Missing character: There is no v in font nullfont!
Missing character: There is no e in font nullfont!
Missing character: There is no r in font nullfont!
Missing character: There is no p in font nullfont!
Missing character: There is no a in font nullfont!
Missing character: There is no g in font nullfont!
Missing character: There is no e in font nullfont!
Missing character: There is no / in font nullfont!
Missing character: There is no i in font nullfont!
Missing character: There is no m in font nullfont!
Missing character: There is no a in font nullfont!
Missing character: There is no g in font nullfont!
Missing character: There is no e in font nullfont!
Missing character: There is no / in font nullfont!
Missing character: There is no L in font nullfont!
Missing character: There is no o in font nullfont!
Missing character: There is no g in font nullfont!
Missing character: There is no o in font nullfont!
! Missing $ inserted.
<inserted text> 
                $
l.10 ...udegraphics[scale=1]{coverpage/image/Logo_
                                                  ThangLong}
I've inserted a begin-math/end-math symbol since I think
you left one out. Proceed, with fingers crossed.

LaTeX Font Info:    External font `cmex10' loaded for size
(Font)              <7> on input line 10.
LaTeX Font Info:    External font `cmex10' loaded for size
(Font)              <5> on input line 10.
! Extra }, or forgotten $.
l.10 ...s[scale=1]{coverpage/image/Logo_ThangLong}
                                                  
I've deleted a group-closing symbol because it seems to be
spurious, as in `$x}$'. But perhaps the } is legitimate and
you forgot something else, as in `\hbox{$x}'. In such cases
the way to recover is to insert both the forgotten and the
deleted material, e.g., by typing `I$}'.


! LaTeX Error: Command \end{center} invalid in math mode.

See the LaTeX manual or LaTeX Companion for explanation.
Type  H <return>  for immediate help.
 ...                                              
                                                  
l.11 \end{center}
                 
Try typing  <return>  to proceed.
If that doesn't work, type  X <return>  to quit.


! LaTeX Error: Something's wrong--perhaps a missing \item.

See the LaTeX manual or LaTeX Companion for explanation.
Type  H <return>  for immediate help.
 ...                                              
                                                  
l.11 \end{center}
                 
Try typing  <return>  to proceed.
If that doesn't work, type  X <return>  to quit.


! LaTeX Error: Something's wrong--perhaps a missing \item.

See the LaTeX manual or LaTeX Companion for explanation.
Type  H <return>  for immediate help.
 ...                                              
                                                  
l.11 \end{center}
                 
Try typing  <return>  to proceed.
If that doesn't work, type  X <return>  to quit.

! Missing $ inserted.
<inserted text> 
                $
l.11 \end{center}
                 
I've inserted something that you may have forgotten.
(See the <inserted text> above.)
With luck, this will get me unwedged. But if you
really didn't forget anything, try typing `2' now; then
my insertion and my current dilemma will both disappear.

! Missing } inserted.
<inserted text> 
                }
l.11 \end{center}
                 
I've inserted something that you may have forgotten.
(See the <inserted text> above.)
With luck, this will get me unwedged. But if you
really didn't forget anything, try typing `2' now; then
my insertion and my current dilemma will both disappear.


! LaTeX Error: \begin{center} on input line 2 ended by \end{figure}.

See the LaTeX manual or LaTeX Companion for explanation.
Type  H <return>  for immediate help.
 ...                                              
                                                  
l.12 \end{figure}
                 
Your command was ignored.
Type  I <command> <return>  to replace it with another command,
or  <return>  to continue without it.


Overfull \hbox (51.26155pt too wide) in paragraph at lines 10--13
 []\OML/cmm/m/it/10 hangLong$ 
 []

! Undefined control sequence.
<recently read> \large 
                       
l.14 \textbf{\large KHO√Å LU·∫¨N T·ªêT NGHI·ªÜP}
                                                \\
The control sequence at the end of the top line
of your error message was never \def'ed. If you have
misspelled it (e.g., `\hobx'), type `I' and the correct
spelling (e.g., `I\hbox'). Otherwise just continue,
and I'll forget about whatever was undefined.


! Package inputenc Error: Unicode character ·∫¨ (U+1EAC)
(inputenc)                not set up for use with LaTeX.

See the inputenc package documentation for explanation.
Type  H <return>  for immediate help.
 ...                                              
                                                  
l.14 \textbf{\large KHO√Å LU·∫¨N T·ªêT NGHI·ªÜP}
                                                \\
You may provide a definition with
\DeclareUnicodeCharacter 


! Package inputenc Error: Unicode character ·ªê (U+1ED0)
(inputenc)                not set up for use with LaTeX.

See the inputenc package documentation for explanation.
Type  H <return>  for immediate help.
 ...                                              
                                                  
l.14 \textbf{\large KHO√Å LU·∫¨N T·ªêT NGHI·ªÜP}
                                                \\
You may provide a definition with
\DeclareUnicodeCharacter 


! Package inputenc Error: Unicode character ·ªÜ (U+1EC6)
(inputenc)                not set up for use with LaTeX.

See the inputenc package documentation for explanation.
Type  H <return>  for immediate help.
 ...                                              
                                                  
l.14 \textbf{\large KHO√Å LU·∫¨N T·ªêT NGHI·ªÜP}
                                                \\
You may provide a definition with
\DeclareUnicodeCharacter 


Overfull \hbox (35.34703pt too wide) in paragraph at lines 14--14
 []\OT1/cmr/bx/n/10 KHO[]A 
 []


Overfull \hbox (24.76375pt too wide) in paragraph at lines 14--14
 \OT1/cmr/bx/n/10 LUN 
 []


Overfull \hbox (15.99991pt too wide) in paragraph at lines 14--14
 \OT1/cmr/bx/n/10 TT 
 []


Overfull \hbox (39.26367pt too wide) in paragraph at lines 14--14
 \OT1/cmr/bx/n/10 NGHIP 
 []

! Undefined control sequence.
<recently read> \large 
                       
l.17 ...¨N DI·ªÜN CH·ªÆ VI·∫æT TAY TI·∫æNG NH·∫¨T}
                                                  \\
The control sequence at the end of the top line
of your error message was never \def'ed. If you have
misspelled it (e.g., `\hobx'), type `I' and the correct
spelling (e.g., `I\hbox'). Otherwise just continue,
and I'll forget about whatever was undefined.


! Package inputenc Error: Unicode character ·ª® (U+1EE8)
(inputenc)                not set up for use with LaTeX.

See the inputenc package documentation for explanation.
Type  H <return>  for immediate help.
 ...                                              
                                                  
l.17 ...¨N DI·ªÜN CH·ªÆ VI·∫æT TAY TI·∫æNG NH·∫¨T}
                                                  \\
You may provide a definition with
\DeclareUnicodeCharacter 


! Package inputenc Error: Unicode character ·∫† (U+1EA0)
(inputenc)                not set up for use with LaTeX.

See the inputenc package documentation for explanation.
Type  H <return>  for immediate help.
 ...                                              
                                                  
l.17 ...¨N DI·ªÜN CH·ªÆ VI·∫æT TAY TI·∫æNG NH·∫¨T}
                                                  \\
You may provide a definition with
\DeclareUnicodeCharacter 


! Package inputenc Error: Unicode character ·∫¨ (U+1EAC)
(inputenc)                not set up for use with LaTeX.

See the inputenc package documentation for explanation.
Type  H <return>  for immediate help.
 ...                                              
                                                  
l.17 ...¨N DI·ªÜN CH·ªÆ VI·∫æT TAY TI·∫æNG NH·∫¨T}
                                                  \\
You may provide a definition with
\DeclareUnicodeCharacter 


! Package inputenc Error: Unicode character ·ª® (U+1EE8)
(inputenc)                not set up for use with LaTeX.

See the inputenc package documentation for explanation.
Type  H <return>  for immediate help.
 ...                                              
                                                  
l.17 ...¨N DI·ªÜN CH·ªÆ VI·∫æT TAY TI·∫æNG NH·∫¨T}
                                                  \\
You may provide a definition with
\DeclareUnicodeCharacter 


! Package inputenc Error: Unicode character ·ª§ (U+1EE4)
(inputenc)                not set up for use with LaTeX.

See the inputenc package documentation for explanation.
Type  H <return>  for immediate help.
 ...                                              
                                                  
l.17 ...¨N DI·ªÜN CH·ªÆ VI·∫æT TAY TI·∫æNG NH·∫¨T}
                                                  \\
You may provide a definition with
\DeclareUnicodeCharacter 


Overfull \hbox (47.95807pt too wide) in paragraph at lines 17--17
 []\OT1/cmr/bx/n/10 NGHI[]EN 
 []


Overfull \hbox (17.15268pt too wide) in paragraph at lines 17--17
 \OT1/cmr/bx/n/10 CU 
 []


Overfull \hbox (28.95818pt too wide) in paragraph at lines 17--17
 \OT1/cmr/bx/n/10 MNG 
 []


Overfull \hbox (29.6665pt too wide) in paragraph at lines 17--17
 \OT1/cmr/bx/n/10 T[]ICH 
 []


Overfull \hbox (25.16653pt too wide) in paragraph at lines 17--17
 \OT1/cmr/bx/n/10 CHP 
 []


Overfull \hbox (17.3888pt too wide) in paragraph at lines 17--17
 \OT1/cmr/bx/n/10 V[]A 
 []


Overfull \hbox (18.04156pt too wide) in paragraph at lines 17--17
 \OT1/cmr/bx/n/10 NG 
 []


Overfull \hbox (26.86096pt too wide) in paragraph at lines 17--17
 \OT1/cmr/bx/n/10 DNG 
 []


! Package inputenc Error: Unicode character ·∫¨ (U+1EAC)
(inputenc)                not set up for use with LaTeX.

See the inputenc package documentation for explanation.
Type  H <return>  for immediate help.
 ...                                              
                                                  
l.17 ...¨N DI·ªÜN CH·ªÆ VI·∫æT TAY TI·∫æNG NH·∫¨T}
                                                  \\
You may provide a definition with
\DeclareUnicodeCharacter 


! Package inputenc Error: Unicode character ·ªÜ (U+1EC6)
(inputenc)                not set up for use with LaTeX.

See the inputenc package documentation for explanation.
Type  H <return>  for immediate help.
 ...                                              
                                                  
l.17 ...¨N DI·ªÜN CH·ªÆ VI·∫æT TAY TI·∫æNG NH·∫¨T}
                                                  \\
You may provide a definition with
\DeclareUnicodeCharacter 


! Package inputenc Error: Unicode character ·ªÆ (U+1EEE)
(inputenc)                not set up for use with LaTeX.

See the inputenc package documentation for explanation.
Type  H <return>  for immediate help.
 ...                                              
                                                  
l.17 ...¨N DI·ªÜN CH·ªÆ VI·∫æT TAY TI·∫æNG NH·∫¨T}
                                                  \\
You may provide a definition with
\DeclareUnicodeCharacter 


! Package inputenc Error: Unicode character ·∫æ (U+1EBE)
(inputenc)                not set up for use with LaTeX.

See the inputenc package documentation for explanation.
Type  H <return>  for immediate help.
 ...                                              
                                                  
l.17 ...¨N DI·ªÜN CH·ªÆ VI·∫æT TAY TI·∫æNG NH·∫¨T}
                                                  \\
You may provide a definition with
\DeclareUnicodeCharacter 


! Package inputenc Error: Unicode character ·∫æ (U+1EBE)
(inputenc)                not set up for use with LaTeX.

See the inputenc package documentation for explanation.
Type  H <return>  for immediate help.
 ...                                              
                                                  
l.17 ...¨N DI·ªÜN CH·ªÆ VI·∫æT TAY TI·∫æNG NH·∫¨T}
                                                  \\
You may provide a definition with
\DeclareUnicodeCharacter 


! Package inputenc Error: Unicode character ·∫¨ (U+1EAC)
(inputenc)                not set up for use with LaTeX.

See the inputenc package documentation for explanation.
Type  H <return>  for immediate help.
 ...                                              
                                                  
l.17 ...¨N DI·ªÜN CH·ªÆ VI·∫æT TAY TI·∫æNG NH·∫¨T}
                                                  \\
You may provide a definition with
\DeclareUnicodeCharacter 


Overfull \hbox (25.9443pt too wide) in paragraph at lines 17--17
 []\OT1/cmr/bx/n/10 CHO 
 []


Overfull \hbox (21.236pt too wide) in paragraph at lines 17--17
 \OT1/cmr/bx/n/10 B[]AI 
 []


Overfull \hbox (34.33315pt too wide) in paragraph at lines 17--17
 \OT1/cmr/bx/n/10 TO[]AN 
 []


Overfull \hbox (26.99986pt too wide) in paragraph at lines 17--17
 \OT1/cmr/bx/n/10 NHN 
 []


Overfull \hbox (22.18044pt too wide) in paragraph at lines 17--17
 \OT1/cmr/bx/n/10 DIN 
 []


Overfull \hbox (17.30547pt too wide) in paragraph at lines 17--17
 \OT1/cmr/bx/n/10 CH 
 []


Overfull \hbox (21.05544pt too wide) in paragraph at lines 17--17
 \OT1/cmr/bx/n/10 VIT 
 []


Overfull \hbox (23.47209pt too wide) in paragraph at lines 17--17
 \OT1/cmr/bx/n/10 TAY 
 []


Overfull \hbox (30.4026pt too wide) in paragraph at lines 17--17
 \OT1/cmr/bx/n/10 TING 
 []


Overfull \hbox (25.99986pt too wide) in paragraph at lines 17--17
 \OT1/cmr/bx/n/10 NHT 
 []

Missing character: There is no G in font nullfont!
Missing character: There is no I in font nullfont!
Missing character: There is no O in font nullfont!
Missing character: There is no V in font nullfont!
Missing character: There is no I in font nullfont!
Missing character: There is no N in font nullfont!
Missing character: There is no H in font nullfont!

! Package inputenc Error: Unicode character ∆Ø (U+1AF)
(inputenc)                not set up for use with LaTeX.

See the inputenc package documentation for explanation.
Type  H <return>  for immediate help.
 ...                                              
                                                  
l.20 GI√ÅO VI√äN H∆Ø
                    ·ªöNG D·∫™N\\
You may provide a definition with
\DeclareUnicodeCharacter 


! Package inputenc Error: Unicode character ·ªö (U+1EDA)
(inputenc)                not set up for use with LaTeX.

See the inputenc package documentation for explanation.
Type  H <return>  for immediate help.
 ...                                              
                                                  
l.20 GI√ÅO VI√äN H∆Ø·ªö
                       NG D·∫™N\\
You may provide a definition with
\DeclareUnicodeCharacter 

Missing character: There is no N in font nullfont!
Missing character: There is no G in font nullfont!
Missing character: There is no D in font nullfont!

! Package inputenc Error: Unicode character ·∫™ (U+1EAA)
(inputenc)                not set up for use with LaTeX.

See the inputenc package documentation for explanation.
Type  H <return>  for immediate help.
 ...                                              
                                                  
l.20 GI√ÅO VI√äN H∆Ø·ªöNG D·∫™
                              N\\
You may provide a definition with
\DeclareUnicodeCharacter 

Missing character: There is no N in font nullfont!

Overfull \hbox (7.50002pt too wide) in paragraph at lines 20--20
 [][]\/cmr/m/n/10 A 
 []


Overfull \hbox (6.80557pt too wide) in paragraph at lines 20--20
 []\/cmr/m/n/10 E 
 []

! Undefined control sequence.
<recently read> \large 
                       
l.22 ...sc{\large TH·∫¶Y NGHUY·ªÑN ƒê·ª®C TH·∫ÆNG}
                                                  \\
The control sequence at the end of the top line
of your error message was never \def'ed. If you have
misspelled it (e.g., `\hobx'), type `I' and the correct
spelling (e.g., `I\hbox'). Otherwise just continue,
and I'll forget about whatever was undefined.


! Package inputenc Error: Unicode character ·∫¶ (U+1EA6)
(inputenc)                not set up for use with LaTeX.

See the inputenc package documentation for explanation.
Type  H <return>  for immediate help.
 ...                                              
                                                  
l.22 ...sc{\large TH·∫¶Y NGHUY·ªÑN ƒê·ª®C TH·∫ÆNG}
                                                  \\
You may provide a definition with
\DeclareUnicodeCharacter 


! Package inputenc Error: Unicode character ·ªÑ (U+1EC4)
(inputenc)                not set up for use with LaTeX.

See the inputenc package documentation for explanation.
Type  H <return>  for immediate help.
 ...                                              
                                                  
l.22 ...sc{\large TH·∫¶Y NGHUY·ªÑN ƒê·ª®C TH·∫ÆNG}
                                                  \\
You may provide a definition with
\DeclareUnicodeCharacter 


! LaTeX Error: Command \DJ unavailable in encoding OT1.

See the LaTeX manual or LaTeX Companion for explanation.
Type  H <return>  for immediate help.
 ...                                              
                                                  
l.22 ...sc{\large TH·∫¶Y NGHUY·ªÑN ƒê·ª®C TH·∫ÆNG}
                                                  \\
Your command was ignored.
Type  I <command> <return>  to replace it with another command,
or  <return>  to continue without it.


! Package inputenc Error: Unicode character ·ª® (U+1EE8)
(inputenc)                not set up for use with LaTeX.

See the inputenc package documentation for explanation.
Type  H <return>  for immediate help.
 ...                                              
                                                  
l.22 ...sc{\large TH·∫¶Y NGHUY·ªÑN ƒê·ª®C TH·∫ÆNG}
                                                  \\
You may provide a definition with
\DeclareUnicodeCharacter 


! Package inputenc Error: Unicode character ·∫Æ (U+1EAE)
(inputenc)                not set up for use with LaTeX.

See the inputenc package documentation for explanation.
Type  H <return>  for immediate help.
 ...                                              
                                                  
l.22 ...sc{\large TH·∫¶Y NGHUY·ªÑN ƒê·ª®C TH·∫ÆNG}
                                                  \\
You may provide a definition with
\DeclareUnicodeCharacter 


Overfull \hbox (24.13866pt too wide) in paragraph at lines 22--22
 []\OT1/cmr/m/sc/10 THY 
 []


Overfull \hbox (49.20786pt too wide) in paragraph at lines 22--22
 \OT1/cmr/m/sc/10 NGHUYN 
 []


Overfull \hbox (7.86104pt too wide) in paragraph at lines 22--22
 \OT1/cmr/m/sc/10 C 
 []


Overfull \hbox (32.65247pt too wide) in paragraph at lines 22--22
 \OT1/cmr/m/sc/10 THNG 
 []

Missing character: There is no S in font nullfont!
Missing character: There is no I in font nullfont!
Missing character: There is no N in font nullfont!
Missing character: There is no H in font nullfont!
Missing character: There is no V in font nullfont!
Missing character: There is no I in font nullfont!
Missing character: There is no N in font nullfont!
Missing character: There is no T in font nullfont!
Missing character: There is no H in font nullfont!

! Package inputenc Error: Unicode character ·ª∞ (U+1EF0)
(inputenc)                not set up for use with LaTeX.

See the inputenc package documentation for explanation.
Type  H <return>  for immediate help.
 ...                                              
                                                  
l.24 SINH VI√äN TH·ª∞
                     C HI·ªÜN\\
You may provide a definition with
\DeclareUnicodeCharacter 

Missing character: There is no C in font nullfont!
Missing character: There is no H in font nullfont!
Missing character: There is no I in font nullfont!

! Package inputenc Error: Unicode character ·ªÜ (U+1EC6)
(inputenc)                not set up for use with LaTeX.

See the inputenc package documentation for explanation.
Type  H <return>  for immediate help.
 ...                                              
                                                  
l.24 SINH VI√äN TH·ª∞C HI·ªÜ
                            N\\
You may provide a definition with
\DeclareUnicodeCharacter 

Missing character: There is no N in font nullfont!

Overfull \hbox (6.80557pt too wide) in paragraph at lines 24--24
 []\/cmr/m/n/10 E 
 []

! Undefined control sequence.
<recently read> \large 
                       
l.26 \textsc{\large TR·∫¶N T√ôNG KH√ÅNH - A24680}
                                                 \\
The control sequence at the end of the top line
of your error message was never \def'ed. If you have
misspelled it (e.g., `\hobx'), type `I' and the correct
spelling (e.g., `I\hbox'). Otherwise just continue,
and I'll forget about whatever was undefined.


! Package inputenc Error: Unicode character ·∫¶ (U+1EA6)
(inputenc)                not set up for use with LaTeX.

See the inputenc package documentation for explanation.
Type  H <return>  for immediate help.
 ...                                              
                                                  
l.26 \textsc{\large TR·∫¶N T√ôNG KH√ÅNH - A24680}
                                                 \\
You may provide a definition with
\DeclareUnicodeCharacter 


Overfull \hbox (23.99977pt too wide) in paragraph at lines 26--26
 []\OT1/cmr/m/sc/10 TRN 
 []


Overfull \hbox (32.65247pt too wide) in paragraph at lines 26--26
 \OT1/cmr/m/sc/10 T[]UNG 
 []


Overfull \hbox (40.98572pt too wide) in paragraph at lines 26--26
 \OT1/cmr/m/sc/10 KH[]ANH 
 []


Overfull \hbox (3.77774pt too wide) in paragraph at lines 26--26
 \OT1/cmr/m/sc/10 - 
 []


Overfull \hbox (35.77744pt too wide) in paragraph at lines 26--26
 \OT1/cmr/m/sc/10 A24680 
 []

Missing character: There is no H in font nullfont!
Missing character: There is no N in font nullfont!

! Package inputenc Error: Unicode character ·ªò (U+1ED8)
(inputenc)                not set up for use with LaTeX.

See the inputenc package documentation for explanation.
Type  H <return>  for immediate help.
 ...                                              
                                                  
l.28 H√Ä N·ªò
             I - 2019
You may provide a definition with
\DeclareUnicodeCharacter 

Missing character: There is no I in font nullfont!
Missing character: There is no - in font nullfont!
Missing character: There is no 2 in font nullfont!
Missing character: There is no 0 in font nullfont!
Missing character: There is no 1 in font nullfont!
Missing character: There is no 9 in font nullfont!

Overfull \hbox (7.50002pt too wide) in paragraph at lines 28--29
 [][]\/cmr/m/n/10 A 
 []


! LaTeX Error: \begin{document} ended by \end{titlepage}.

See the LaTeX manual or LaTeX Companion for explanation.
Type  H <return>  for immediate help.
 ...                                              
                                                  
l.30 \end{titlepage}
                    
Your command was ignored.
Type  I <command> <return>  to replace it with another command,
or  <return>  to continue without it.

)
! Emergency stop.
<*> converpage.tex
                  
*** (job aborted, no legal \end found)

 
Here is how much of TeX's memory you used:
 51 strings out of 492649
 505 string characters out of 6129623
 58400 words of memory out of 5000000
 4031 multiletter control sequences out of 15000+600000
 4249 words of font info for 16 fonts, out of 8000000 for 9000
 1141 hyphenation exceptions out of 8191
 18i,1n,16p,166b,149s stack positions out of 5000i,500n,10000p,200000b,80000s
!  ==> Fatal error occurred, no output PDF file produced!
